<?xml version="1.0" encoding="UTF-8"?>
<!-- Generated by org.testng.reporters.JUnitReportReporter -->
<testsuite hostname="Lenovo-PBWH48B" failures="0" tests="1" name="com.testNG_basics.FirstCode" time="7.722" errors="0" timestamp="2022-05-17T14:18:06 EDT" skipped="0">
  <testcase classname="com.testNG_basics.FirstCode" name="init" time="7.722"/>
  <system-out/>
</testsuite> <!-- com.testNG_basics.FirstCode -->
