<?xml version="1.0" encoding="UTF-8"?>
<!-- Generated by org.testng.reporters.JUnitReportReporter -->
<testsuite hostname="Lenovo-PBWH48B" failures="0" tests="3" name="com.testNG_basics.Special_testNG" time="0.023" errors="0" timestamp="2022-05-17T15:36:49 EDT" skipped="0">
  <testcase classname="com.testNG_basics.Special_testNG" name="test2" time="0.002"/>
  <system-out/>
  <testcase classname="com.testNG_basics.Special_testNG" name="test1" time="0.007"/>
  <system-out/>
  <testcase classname="com.testNG_basics.Special_testNG" name="test3" time="0.014"/>
  <system-out/>
</testsuite> <!-- com.testNG_basics.Special_testNG -->
