<?xml version="1.0" encoding="UTF-8"?>
<!-- Generated by org.testng.reporters.JUnitReportReporter -->
<testsuite hostname="Lenovo-PBWH48B" failures="0" tests="1" name="com.testNG_basics.RediffCode" time="14.937" errors="0" timestamp="2022-05-18T19:30:10 EDT" skipped="0">
  <testcase classname="com.testNG_basics.RediffCode" name="SignInLink" time="14.937"/>
  <system-out/>
</testsuite> <!-- com.testNG_basics.RediffCode -->
