<?xml version="1.0" encoding="UTF-8"?>
<!-- Generated by org.testng.reporters.JUnitReportReporter -->
<testsuite hostname="Lenovo-PBWH48B" failures="0" tests="1" name="testngxml_understanding.SignInLink" time="5.535" errors="0" timestamp="2022-05-15T23:33:46 EDT" skipped="0">
  <testcase classname="testngxml_understanding.SignInLink" name="clickonSignInLink" time="5.535"/>
  <system-out/>
</testsuite> <!-- testngxml_understanding.SignInLink -->
