<?xml version="1.0" encoding="UTF-8"?>
<!-- Generated by org.testng.reporters.JUnitReportReporter -->
<testsuite hostname="Lenovo-PBWH48B" failures="0" tests="3" name="com.testNG_basics.Rediff_TestNG_WithValidation" time="2.300" errors="0" timestamp="2022-05-19T11:25:24 EDT" skipped="1">
  <testcase classname="com.testNG_basics.Rediff_TestNG_WithValidation" name="validateLandingPage" time="0.014"/>
  <system-out/>
  <testcase classname="com.testNG_basics.Rediff_TestNG_WithValidation" name="validateSignInLink" time="2.286"/>
  <system-out/>
  <testcase classname="com.testNG_basics.Rediff_TestNG_WithValidation" name="validateLoginPage">
    <skipped/>
  </testcase> <!-- validateLoginPage -->
  <system-out/>
</testsuite> <!-- com.testNG_basics.Rediff_TestNG_WithValidation -->
